# JRE version: OpenJDK Runtime Environment (8.0_202-b03) (build 1.8.0_202-release-1483-b03)
# Java VM: OpenJDK 64-Bit Server VM (25.202-b03 mixed mode windows-amd64 compressed oops)
Heap:
 PSYoungGen      total 75776K, used 47102K [0x000000076b780000, 0x0000000774b80000, 0x00000007c0000000)
  eden space 65024K, 72% used [0x000000076b780000,0x000000076e57fb50,0x000000076f700000)
  from space 10752K, 0% used [0x0000000770180000,0x0000000770180000,0x0000000770c00000)
  to   space 10752K, 0% used [0x000000076f700000,0x000000076f700000,0x0000000770180000)
 ParOldGen       total 115712K, used 8803K [0x00000006c2600000, 0x00000006c9700000, 0x000000076b780000)
  object space 115712K, 7% used [0x00000006c2600000,0x00000006c2e98c38,0x00000006c9700000)
 Metaspace       used 26019K, capacity 26426K, committed 26624K, reserved 1073152K
  class space    used 3106K, capacity 3254K, committed 3328K, reserved 1048576K
GC Heap History (6 events):
Event: 2.440 GC heap before
{Heap before GC invocations=1 (full 0):
 PSYoungGen      total 75776K, used 65024K [0x000000076b780000, 0x0000000770c00000, 0x00000007c0000000)
  eden space 65024K, 100% used [0x000000076b780000,0x000000076f700000,0x000000076f700000)
  from space 10752K, 0% used [0x0000000770180000,0x0000000770180000,0x0000000770c00000)
  to   space 10752K, 0% used [0x000000076f700000,0x000000076f700000,0x0000000770180000)
 ParOldGen       total 173568K, used 0K [0x00000006c2600000, 0x00000006ccf80000, 0x000000076b780000)
  object space 173568K, 0% used [0x00000006c2600000,0x00000006c2600000,0x00000006ccf80000)
 Metaspace       used 15696K, capacity 16034K, committed 16384K, reserved 1062912K
  class space    used 1847K, capacity 1925K, committed 2048K, reserved 1048576K
Event: 2.459 GC heap after
Heap after GC invocations=1 (full 0):
 PSYoungGen      total 75776K, used 10739K [0x000000076b780000, 0x0000000770c00000, 0x00000007c0000000)
  eden space 65024K, 0% used [0x000000076b780000,0x000000076b780000,0x000000076f700000)
  from space 10752K, 99% used [0x000000076f700000,0x000000077017cf70,0x0000000770180000)
  to   space 10752K, 0% used [0x0000000770180000,0x0000000770180000,0x0000000770c00000)
 ParOldGen       total 173568K, used 4514K [0x00000006c2600000, 0x00000006ccf80000, 0x000000076b780000)
  object space 173568K, 2% used [0x00000006c2600000,0x00000006c2a689b8,0x00000006ccf80000)
 Metaspace       used 15696K, capacity 16034K, committed 16384K, reserved 1062912K
  class space    used 1847K, capacity 1925K, committed 2048K, reserved 1048576K
}
Event: 2.957 GC heap before
{Heap before GC invocations=2 (full 0):
 PSYoungGen      total 75776K, used 29398K [0x000000076b780000, 0x0000000770c00000, 0x00000007c0000000)
  eden space 65024K, 28% used [0x000000076b780000,0x000000076c9b8bf0,0x000000076f700000)
  from space 10752K, 99% used [0x000000076f700000,0x000000077017cf70,0x0000000770180000)
  to   space 10752K, 0% used [0x0000000770180000,0x0000000770180000,0x0000000770c00000)
 ParOldGen       total 173568K, used 4514K [0x00000006c2600000, 0x00000006ccf80000, 0x000000076b780000)
  object space 173568K, 2% used [0x00000006c2600000,0x00000006c2a689b8,0x00000006ccf80000)
 Metaspace       used 20772K, capacity 21144K, committed 21296K, reserved 1069056K
  class space    used 2464K, capacity 2628K, committed 2688K, reserved 1048576K
Event: 2.970 GC heap after
Heap after GC invocations=2 (full 0):
 PSYoungGen      total 75776K, used 9026K [0x000000076b780000, 0x0000000774b80000, 0x00000007c0000000)
  eden space 65024K, 0% used [0x000000076b780000,0x000000076b780000,0x000000076f700000)
  from space 10752K, 83% used [0x0000000770180000,0x0000000770a509b0,0x0000000770c00000)
  to   space 10752K, 0% used [0x000000076f700000,0x000000076f700000,0x0000000770180000)
 ParOldGen       total 173568K, used 4586K [0x00000006c2600000, 0x00000006ccf80000, 0x000000076b780000)
  object space 173568K, 2% used [0x00000006c2600000,0x00000006c2a7a9c8,0x00000006ccf80000)
 Metaspace       used 20772K, capacity 21144K, committed 21296K, reserved 1069056K
  class space    used 2464K, capacity 2628K, committed 2688K, reserved 1048576K
}
Event: 2.970 GC heap before
{Heap before GC invocations=3 (full 1):
 PSYoungGen      total 75776K, used 9026K [0x000000076b780000, 0x0000000774b80000, 0x00000007c0000000)
  eden space 65024K, 0% used [0x000000076b780000,0x000000076b780000,0x000000076f700000)
  from space 10752K, 83% used [0x0000000770180000,0x0000000770a509b0,0x0000000770c00000)
  to   space 10752K, 0% used [0x000000076f700000,0x000000076f700000,0x0000000770180000)
 ParOldGen       total 173568K, used 4586K [0x00000006c2600000, 0x00000006ccf80000, 0x000000076b780000)
  object space 173568K, 2% used [0x00000006c2600000,0x00000006c2a7a9c8,0x00000006ccf80000)
 Metaspace       used 20772K, capacity 21144K, committed 21296K, reserved 1069056K
  class space    used 2464K, capacity 2628K, committed 2688K, reserved 1048576K
Event: 3.026 GC heap after
Heap after GC invocations=3 (full 1):
 PSYoungGen      total 75776K, used 0K [0x000000076b780000, 0x0000000774b80000, 0x00000007c0000000)
  eden space 65024K, 0% used [0x000000076b780000,0x000000076b780000,0x000000076f700000)
  from space 10752K, 0% used [0x0000000770180000,0x0000000770180000,0x0000000770c00000)
  to   space 10752K, 0% used [0x000000076f700000,0x000000076f700000,0x0000000770180000)
 ParOldGen       total 115712K, used 8803K [0x00000006c2600000, 0x00000006c9700000, 0x000000076b780000)
  object space 115712K, 7% used [0x00000006c2600000,0x00000006c2e98c38,0x00000006c9700000)
 Metaspace       used 20772K, capacity 21144K, committed 21296K, reserved 1069056K
  class space    used 2464K, capacity 2628K, committed 2688K, reserved 1048576K
}

